TN:
SF:/Users/danieladetayo/Desktop/projects/postgres_blog/controllers/index.js
FN:3,(anonymous_0)
FN:12,(anonymous_1)
FN:43,(anonymous_2)
FN:77,(anonymous_3)
FN:97,(anonymous_4)
FNF:5
FNH:5
FNDA:1,(anonymous_0)
FNDA:1,(anonymous_1)
FNDA:2,(anonymous_2)
FNDA:1,(anonymous_3)
FNDA:1,(anonymous_4)
DA:1,1
DA:3,1
DA:4,1
DA:5,1
DA:6,1
DA:8,0
DA:12,1
DA:13,1
DA:14,1
DA:37,1
DA:39,0
DA:43,1
DA:44,2
DA:45,2
DA:46,2
DA:66,2
DA:67,1
DA:69,1
DA:72,0
DA:73,0
DA:77,1
DA:78,1
DA:79,1
DA:81,1
DA:85,1
DA:86,1
DA:87,1
DA:90,0
DA:92,0
DA:93,0
DA:97,1
DA:98,1
DA:99,1
DA:100,1
DA:104,1
DA:105,1
DA:108,0
DA:110,0
DA:111,0
DA:115,1
LF:40
LH:30
BRDA:66,0,0,1
BRDA:66,0,1,1
BRDA:85,1,0,1
BRDA:85,1,1,0
BRDA:104,2,0,1
BRDA:104,2,1,0
BRF:6
BRH:4
end_of_record
TN:
SF:/Users/danieladetayo/Desktop/projects/postgres_blog/database/config/config.js
FNF:0
FNH:0
DA:1,1
DA:3,1
LF:2
LH:2
BRF:0
BRH:0
end_of_record
TN:
SF:/Users/danieladetayo/Desktop/projects/postgres_blog/database/models/comment.js
FN:2,(anonymous_0)
FN:14,(anonymous_1)
FNF:2
FNH:2
FNDA:1,(anonymous_0)
FNDA:1,(anonymous_1)
DA:2,1
DA:3,1
DA:14,1
DA:16,1
DA:21,1
DA:26,1
LF:6
LH:6
BRF:0
BRH:0
end_of_record
TN:
SF:/Users/danieladetayo/Desktop/projects/postgres_blog/database/models/index.js
FN:22,(anonymous_0)
FN:25,(anonymous_1)
FN:30,(anonymous_2)
FNF:3
FNH:3
FNDA:4,(anonymous_0)
FNDA:3,(anonymous_1)
FNDA:3,(anonymous_2)
DA:3,1
DA:4,1
DA:5,1
DA:6,1
DA:8,1
DA:9,1
DA:10,1
DA:11,1
DA:14,1
DA:15,1
DA:17,0
DA:20,1
DA:23,4
DA:26,3
DA:27,3
DA:30,1
DA:31,3
DA:32,3
DA:36,1
DA:37,1
DA:39,1
LF:21
LH:20
BRDA:9,0,0,1
BRDA:9,0,1,0
BRDA:14,1,0,1
BRDA:14,1,1,0
BRDA:23,2,0,4
BRDA:23,2,1,4
BRDA:23,2,2,3
BRDA:31,3,0,3
BRDA:31,3,1,0
BRF:9
BRH:6
end_of_record
TN:
SF:/Users/danieladetayo/Desktop/projects/postgres_blog/database/models/post.js
FN:2,(anonymous_0)
FN:8,(anonymous_1)
FNF:2
FNH:2
FNDA:1,(anonymous_0)
FNDA:1,(anonymous_1)
DA:2,1
DA:3,1
DA:8,1
DA:10,1
DA:16,1
DA:22,1
LF:6
LH:6
BRF:0
BRH:0
end_of_record
TN:
SF:/Users/danieladetayo/Desktop/projects/postgres_blog/database/models/user.js
FN:2,(anonymous_0)
FN:7,(anonymous_1)
FNF:2
FNH:2
FNDA:1,(anonymous_0)
FNDA:1,(anonymous_1)
DA:2,1
DA:3,1
DA:7,1
DA:9,1
DA:15,1
DA:21,1
LF:6
LH:6
BRF:0
BRH:0
end_of_record
TN:
SF:/Users/danieladetayo/Desktop/projects/postgres_blog/routes/index.js
FN:16,(anonymous_0)
FNF:1
FNH:0
FNDA:0,(anonymous_0)
DA:1,1
DA:2,1
DA:4,1
DA:6,1
DA:8,1
DA:10,1
DA:12,1
DA:14,1
DA:16,1
DA:18,1
LF:10
LH:10
BRF:0
BRH:0
end_of_record
TN:
SF:/Users/danieladetayo/Desktop/projects/postgres_blog/server/index.js
FNF:0
FNH:0
DA:1,1
DA:2,1
DA:4,1
DA:5,1
DA:7,1
DA:9,1
LF:6
LH:6
BRF:0
BRH:0
end_of_record
